sample.interval=20000
"ls" "apropos" "normalCompletions" "<Anonymous>" "<Anonymous>" 
"storage.mode" "formatC" "paste" "generateIndex3" 
"generateIndex3" 
"pmax" "formatC" "paste" "generateIndex3" 
"formatC" "paste" "generateIndex3" 
"formatC" "paste" "generateIndex3" 
"match.fun" "vapply" "pmax" "formatC" "paste" "generateIndex3" 
"generateIndex3" 
"match.fun" "vapply" "pmax" "formatC" "paste" "generateIndex3" 
"formatC" "paste" "generateIndex3" 
"generateIndex3" 
"length" "mostattributes<-" "pmax" "formatC" "paste" "generateIndex3" 
"pmax" "formatC" "paste" "generateIndex3" 
"mostattributes<-" "pmax" "formatC" "paste" "generateIndex3" 
"formatC" "paste" "generateIndex3" 
"vapply" "pmax" "formatC" "paste" "generateIndex3" 
"FUN" "vapply" "pmax" "formatC" "paste" "generateIndex3" 
"all" "formatC" "paste" "generateIndex3" 
"formatC" "paste" "generateIndex3" 
"rep.int" "pmax" "formatC" "paste" "generateIndex3" 
"match" "%in%" "formatC" "paste" "generateIndex3" 
"formatC" "paste" "generateIndex3" 
"formatC" "paste" "generateIndex3" 
"%in%" "formatC" "paste" "generateIndex3" 
"strsplit" "formatC" "paste" "generateIndex3" 
"mostattributes<-" "pmax" "formatC" "paste" "generateIndex3" 
"vapply" "pmax" "formatC" "paste" "generateIndex3" 
"formatC" "paste" "generateIndex3" 
